Found 5587 files belonging to 10 classes.
Found 1559 files belonging to 10 classes.
Found 52 files belonging to 10 classes.
Model: "model_1"
_________________________________________________________________
Layer (type)                 Output Shape              Param #   
=================================================================
input_2 (InputLayer)         [(None, 32, 32, 3)]       0         
_________________________________________________________________
tf.__operators__.getitem (Sl (None, 32, 32, 3)         0         
_________________________________________________________________
tf.nn.bias_add (TFOpLambda)  (None, 32, 32, 3)         0         
_________________________________________________________________
model (Functional)           (None, 8, 8, 256)         229760    
_________________________________________________________________
global_average_pooling2d (Gl (None, 256)               0         
_________________________________________________________________
dense (Dense)                (None, 10)                2570      
=================================================================
Total params: 232,330
Trainable params: 229,386
Non-trainable params: 2,944
_________________________________________________________________
loss 34.016395568847656, acc 0.09236690402030945
Epoch 1/100
699/699 - 14s - loss: 1.6650 - accuracy: 0.4263 - val_loss: 1.3021 - val_accuracy: 0.5619
Epoch 2/100
699/699 - 16s - loss: 1.0282 - accuracy: 0.6669 - val_loss: 0.8495 - val_accuracy: 0.7165
Epoch 3/100
699/699 - 16s - loss: 0.7403 - accuracy: 0.7653 - val_loss: 0.6875 - val_accuracy: 0.7729
Epoch 4/100
699/699 - 16s - loss: 0.5891 - accuracy: 0.8090 - val_loss: 0.5508 - val_accuracy: 0.8172
Epoch 5/100
699/699 - 16s - loss: 0.4730 - accuracy: 0.8497 - val_loss: 0.7081 - val_accuracy: 0.7530
Epoch 6/100
699/699 - 16s - loss: 0.3984 - accuracy: 0.8752 - val_loss: 0.5835 - val_accuracy: 0.8121
Epoch 7/100
699/699 - 16s - loss: 0.3168 - accuracy: 0.9019 - val_loss: 0.5444 - val_accuracy: 0.8332
Epoch 8/100
699/699 - 16s - loss: 0.2984 - accuracy: 0.9078 - val_loss: 0.7740 - val_accuracy: 0.7537
Epoch 9/100
699/699 - 16s - loss: 0.2579 - accuracy: 0.9212 - val_loss: 0.5340 - val_accuracy: 0.8268
Epoch 10/100
699/699 - 16s - loss: 0.2094 - accuracy: 0.9359 - val_loss: 0.5000 - val_accuracy: 0.8467
Epoch 11/100
699/699 - 16s - loss: 0.1824 - accuracy: 0.9467 - val_loss: 0.4296 - val_accuracy: 0.8627
Epoch 12/100
699/699 - 16s - loss: 0.1432 - accuracy: 0.9626 - val_loss: 0.4774 - val_accuracy: 0.8525
Epoch 13/100
699/699 - 16s - loss: 0.1392 - accuracy: 0.9628 - val_loss: 0.5462 - val_accuracy: 0.8461
Epoch 14/100
699/699 - 16s - loss: 0.1253 - accuracy: 0.9646 - val_loss: 0.4799 - val_accuracy: 0.8653
Epoch 15/100
699/699 - 16s - loss: 0.0992 - accuracy: 0.9758 - val_loss: 0.4117 - val_accuracy: 0.8775
Epoch 16/100
699/699 - 16s - loss: 0.0972 - accuracy: 0.9739 - val_loss: 0.5623 - val_accuracy: 0.8403
Epoch 17/100
699/699 - 16s - loss: 0.0914 - accuracy: 0.9742 - val_loss: 0.4431 - val_accuracy: 0.8736
Epoch 18/100
699/699 - 16s - loss: 0.0811 - accuracy: 0.9787 - val_loss: 0.4401 - val_accuracy: 0.8672
Epoch 19/100
699/699 - 16s - loss: 0.0761 - accuracy: 0.9800 - val_loss: 0.4625 - val_accuracy: 0.8595
Epoch 20/100
699/699 - 16s - loss: 0.0733 - accuracy: 0.9812 - val_loss: 0.4868 - val_accuracy: 0.8602
Epoch 21/100
699/699 - 16s - loss: 0.0561 - accuracy: 0.9860 - val_loss: 0.4094 - val_accuracy: 0.8935
Epoch 22/100
699/699 - 16s - loss: 0.0619 - accuracy: 0.9837 - val_loss: 0.4313 - val_accuracy: 0.8871
Epoch 23/100
699/699 - 16s - loss: 0.0493 - accuracy: 0.9859 - val_loss: 0.6365 - val_accuracy: 0.8486
Epoch 24/100
699/699 - 16s - loss: 0.0496 - accuracy: 0.9853 - val_loss: 0.5819 - val_accuracy: 0.8512
Epoch 25/100
699/699 - 16s - loss: 0.0473 - accuracy: 0.9871 - val_loss: 0.6713 - val_accuracy: 0.8262
Epoch 26/100
699/699 - 16s - loss: 0.0518 - accuracy: 0.9839 - val_loss: 0.3762 - val_accuracy: 0.8980
Epoch 27/100
699/699 - 16s - loss: 0.0391 - accuracy: 0.9903 - val_loss: 0.4071 - val_accuracy: 0.8980
Epoch 28/100
699/699 - 16s - loss: 0.0421 - accuracy: 0.9903 - val_loss: 0.6884 - val_accuracy: 0.8198
Epoch 29/100
699/699 - 16s - loss: 0.0427 - accuracy: 0.9871 - val_loss: 0.6592 - val_accuracy: 0.8332
Epoch 30/100
699/699 - 16s - loss: 0.0430 - accuracy: 0.9875 - val_loss: 0.5721 - val_accuracy: 0.8538
Epoch 31/100
699/699 - 16s - loss: 0.0311 - accuracy: 0.9919 - val_loss: 0.4572 - val_accuracy: 0.8839
Epoch 32/100
699/699 - 16s - loss: 0.0368 - accuracy: 0.9903 - val_loss: 0.3980 - val_accuracy: 0.8929
Epoch 33/100
699/699 - 16s - loss: 0.0359 - accuracy: 0.9916 - val_loss: 0.4516 - val_accuracy: 0.8794
Epoch 34/100
699/699 - 16s - loss: 0.0256 - accuracy: 0.9939 - val_loss: 0.7119 - val_accuracy: 0.8422
Epoch 35/100
699/699 - 16s - loss: 0.0257 - accuracy: 0.9945 - val_loss: 0.6310 - val_accuracy: 0.8634
Epoch 36/100
699/699 - 16s - loss: 0.0332 - accuracy: 0.9921 - val_loss: 0.4674 - val_accuracy: 0.8756
Epoch 37/100
699/699 - 16s - loss: 0.0367 - accuracy: 0.9896 - val_loss: 0.5572 - val_accuracy: 0.8518
Epoch 38/100
699/699 - 16s - loss: 0.0274 - accuracy: 0.9927 - val_loss: 0.7525 - val_accuracy: 0.8242
Epoch 39/100
699/699 - 16s - loss: 0.0259 - accuracy: 0.9928 - val_loss: 0.7922 - val_accuracy: 0.8185
Epoch 40/100
699/699 - 16s - loss: 0.0442 - accuracy: 0.9857 - val_loss: 0.6994 - val_accuracy: 0.8493
Epoch 41/100
699/699 - 16s - loss: 0.0242 - accuracy: 0.9939 - val_loss: 0.5283 - val_accuracy: 0.8640
Epoch 42/100
699/699 - 16s - loss: 0.0250 - accuracy: 0.9936 - val_loss: 0.5694 - val_accuracy: 0.8634
Epoch 43/100
699/699 - 16s - loss: 0.0201 - accuracy: 0.9959 - val_loss: 0.5132 - val_accuracy: 0.8871
Epoch 44/100
699/699 - 16s - loss: 0.0253 - accuracy: 0.9928 - val_loss: 0.5361 - val_accuracy: 0.8666
Epoch 45/100
699/699 - 16s - loss: 0.0269 - accuracy: 0.9934 - val_loss: 0.5089 - val_accuracy: 0.8871
Epoch 46/100
699/699 - 16s - loss: 0.0214 - accuracy: 0.9945 - val_loss: 0.5150 - val_accuracy: 0.8672
Epoch 47/100
699/699 - 16s - loss: 0.0256 - accuracy: 0.9925 - val_loss: 0.7503 - val_accuracy: 0.8486
Epoch 48/100
699/699 - 16s - loss: 0.0213 - accuracy: 0.9937 - val_loss: 0.4201 - val_accuracy: 0.8929
Epoch 49/100
699/699 - 16s - loss: 0.0185 - accuracy: 0.9952 - val_loss: 0.4351 - val_accuracy: 0.9057
Epoch 50/100
699/699 - 16s - loss: 0.0251 - accuracy: 0.9939 - val_loss: 0.4350 - val_accuracy: 0.8845
Epoch 51/100
699/699 - 16s - loss: 0.0269 - accuracy: 0.9923 - val_loss: 0.5899 - val_accuracy: 0.8557
Epoch 52/100
699/699 - 16s - loss: 0.0143 - accuracy: 0.9966 - val_loss: 0.4702 - val_accuracy: 0.8903
Epoch 53/100
699/699 - 16s - loss: 0.0237 - accuracy: 0.9919 - val_loss: 0.5835 - val_accuracy: 0.8679
Epoch 54/100
699/699 - 16s - loss: 0.0217 - accuracy: 0.9925 - val_loss: 0.4924 - val_accuracy: 0.8826
Epoch 55/100
699/699 - 16s - loss: 0.0223 - accuracy: 0.9943 - val_loss: 0.9646 - val_accuracy: 0.8024
Epoch 56/100
699/699 - 16s - loss: 0.0156 - accuracy: 0.9964 - val_loss: 0.3858 - val_accuracy: 0.9044
Epoch 57/100
699/699 - 16s - loss: 0.0176 - accuracy: 0.9953 - val_loss: 0.6637 - val_accuracy: 0.8454
Epoch 58/100
699/699 - 16s - loss: 0.0161 - accuracy: 0.9952 - val_loss: 0.4913 - val_accuracy: 0.8813
Epoch 59/100
699/699 - 16s - loss: 0.0125 - accuracy: 0.9979 - val_loss: 0.4038 - val_accuracy: 0.9083
Epoch 60/100
699/699 - 16s - loss: 0.0287 - accuracy: 0.9905 - val_loss: 0.5371 - val_accuracy: 0.8794
Epoch 61/100
699/699 - 16s - loss: 0.0174 - accuracy: 0.9948 - val_loss: 0.4575 - val_accuracy: 0.8916
Epoch 62/100
699/699 - 16s - loss: 0.0125 - accuracy: 0.9970 - val_loss: 0.5282 - val_accuracy: 0.8801
Epoch 63/100
699/699 - 16s - loss: 0.0150 - accuracy: 0.9961 - val_loss: 0.5242 - val_accuracy: 0.8801
Epoch 64/100
699/699 - 16s - loss: 0.0217 - accuracy: 0.9930 - val_loss: 0.4161 - val_accuracy: 0.9012
Epoch 65/100
699/699 - 16s - loss: 0.0185 - accuracy: 0.9945 - val_loss: 0.4285 - val_accuracy: 0.9019
Epoch 66/100
699/699 - 16s - loss: 0.0175 - accuracy: 0.9943 - val_loss: 0.5081 - val_accuracy: 0.8948
Epoch 67/100
699/699 - 16s - loss: 0.0244 - accuracy: 0.9928 - val_loss: 0.4215 - val_accuracy: 0.8929
Epoch 68/100
699/699 - 16s - loss: 0.0130 - accuracy: 0.9970 - val_loss: 0.5290 - val_accuracy: 0.8910
Epoch 69/100
699/699 - 16s - loss: 0.0059 - accuracy: 0.9986 - val_loss: 0.4892 - val_accuracy: 0.8903
Epoch 70/100
699/699 - 16s - loss: 0.0224 - accuracy: 0.9925 - val_loss: 0.5380 - val_accuracy: 0.8910
Epoch 71/100
699/699 - 16s - loss: 0.0127 - accuracy: 0.9977 - val_loss: 0.4238 - val_accuracy: 0.9051
Epoch 72/100
699/699 - 16s - loss: 0.0221 - accuracy: 0.9939 - val_loss: 0.4672 - val_accuracy: 0.8871
Epoch 73/100
699/699 - 16s - loss: 0.0163 - accuracy: 0.9952 - val_loss: 0.4670 - val_accuracy: 0.8820
Epoch 74/100
699/699 - 16s - loss: 0.0123 - accuracy: 0.9966 - val_loss: 0.4640 - val_accuracy: 0.8993
Epoch 75/100
699/699 - 16s - loss: 0.0071 - accuracy: 0.9986 - val_loss: 0.3746 - val_accuracy: 0.9108
Epoch 76/100
699/699 - 16s - loss: 0.0104 - accuracy: 0.9971 - val_loss: 0.5166 - val_accuracy: 0.8884
Epoch 77/100
699/699 - 16s - loss: 0.0130 - accuracy: 0.9968 - val_loss: 0.4460 - val_accuracy: 0.8987
Epoch 78/100
699/699 - 16s - loss: 0.0127 - accuracy: 0.9961 - val_loss: 0.3870 - val_accuracy: 0.9147
Epoch 79/100
699/699 - 16s - loss: 0.0193 - accuracy: 0.9941 - val_loss: 0.4321 - val_accuracy: 0.8999
Epoch 80/100
699/699 - 16s - loss: 0.0149 - accuracy: 0.9959 - val_loss: 0.4828 - val_accuracy: 0.8813
Epoch 81/100
699/699 - 16s - loss: 0.0057 - accuracy: 0.9987 - val_loss: 0.4463 - val_accuracy: 0.9012
Epoch 82/100
699/699 - 16s - loss: 0.0208 - accuracy: 0.9946 - val_loss: 0.8339 - val_accuracy: 0.8493
Epoch 83/100
699/699 - 16s - loss: 0.0166 - accuracy: 0.9952 - val_loss: 0.4371 - val_accuracy: 0.9064
Epoch 84/100
699/699 - 16s - loss: 0.0105 - accuracy: 0.9970 - val_loss: 0.4482 - val_accuracy: 0.8935
Epoch 85/100
699/699 - 16s - loss: 0.0252 - accuracy: 0.9921 - val_loss: 0.5253 - val_accuracy: 0.8845
Epoch 86/100
699/699 - 16s - loss: 0.0091 - accuracy: 0.9975 - val_loss: 0.6515 - val_accuracy: 0.8518
Epoch 87/100
699/699 - 16s - loss: 0.0079 - accuracy: 0.9982 - val_loss: 0.4889 - val_accuracy: 0.8948
Epoch 88/100
699/699 - 16s - loss: 0.0060 - accuracy: 0.9984 - val_loss: 0.4283 - val_accuracy: 0.9089
Epoch 89/100
699/699 - 16s - loss: 0.0213 - accuracy: 0.9930 - val_loss: 0.4443 - val_accuracy: 0.9044
Epoch 90/100
699/699 - 16s - loss: 0.0053 - accuracy: 0.9989 - val_loss: 0.3728 - val_accuracy: 0.9064
Epoch 91/100
699/699 - 16s - loss: 0.0092 - accuracy: 0.9973 - val_loss: 0.4590 - val_accuracy: 0.9057
Epoch 92/100
699/699 - 16s - loss: 0.0116 - accuracy: 0.9971 - val_loss: 0.3807 - val_accuracy: 0.9108
Epoch 93/100
699/699 - 16s - loss: 0.0119 - accuracy: 0.9973 - val_loss: 0.7809 - val_accuracy: 0.8268
Epoch 94/100
699/699 - 16s - loss: 0.0187 - accuracy: 0.9946 - val_loss: 0.4008 - val_accuracy: 0.9031
Epoch 95/100
699/699 - 16s - loss: 0.0090 - accuracy: 0.9970 - val_loss: 0.3649 - val_accuracy: 0.9211
Epoch 96/100
699/699 - 16s - loss: 0.0029 - accuracy: 0.9996 - val_loss: 0.3861 - val_accuracy: 0.9121
Epoch 97/100
699/699 - 16s - loss: 0.0030 - accuracy: 0.9996 - val_loss: 0.4229 - val_accuracy: 0.9057
Epoch 98/100
699/699 - 16s - loss: 0.0298 - accuracy: 0.9911 - val_loss: 0.3943 - val_accuracy: 0.9076
Epoch 99/100
699/699 - 16s - loss: 0.0041 - accuracy: 0.9995 - val_loss: 0.4066 - val_accuracy: 0.9128
Epoch 100/100
699/699 - 16s - loss: 0.0055 - accuracy: 0.9987 - val_loss: 0.3687 - val_accuracy: 0.9185
final loss 0.36491742730140686, final acc 0.921103298664093
test loss 1.1270595788955688, test acc 0.8461538553237915
