Found 5587 files belonging to 10 classes.
Found 783 files belonging to 10 classes.
Found 52 files belonging to 10 classes.
Model: "model_1"
_________________________________________________________________
Layer (type)                 Output Shape              Param #   
=================================================================
input_2 (InputLayer)         [(None, 32, 32, 3)]       0         
_________________________________________________________________
tf.__operators__.getitem (Sl (None, 32, 32, 3)         0         
_________________________________________________________________
tf.nn.bias_add (TFOpLambda)  (None, 32, 32, 3)         0         
_________________________________________________________________
model (Functional)           (None, 8, 8, 256)         229760    
_________________________________________________________________
global_average_pooling2d (Gl (None, 256)               0         
_________________________________________________________________
dense (Dense)                (None, 10)                2570      
=================================================================
Total params: 232,330
Trainable params: 229,386
Non-trainable params: 2,944
_________________________________________________________________
loss 33.76293182373047, acc 0.09195402264595032
Epoch 1/100
699/699 - 12s - loss: 1.6650 - accuracy: 0.4263 - val_loss: 1.2890 - val_accuracy: 0.5683
Epoch 2/100
699/699 - 16s - loss: 1.0282 - accuracy: 0.6669 - val_loss: 0.8359 - val_accuracy: 0.7216
Epoch 3/100
699/699 - 16s - loss: 0.7403 - accuracy: 0.7653 - val_loss: 0.6574 - val_accuracy: 0.7880
Epoch 4/100
699/699 - 16s - loss: 0.5891 - accuracy: 0.8090 - val_loss: 0.5270 - val_accuracy: 0.8263
Epoch 5/100
699/699 - 15s - loss: 0.4730 - accuracy: 0.8497 - val_loss: 0.6750 - val_accuracy: 0.7637
Epoch 6/100
699/699 - 15s - loss: 0.3984 - accuracy: 0.8752 - val_loss: 0.5611 - val_accuracy: 0.8199
Epoch 7/100
699/699 - 15s - loss: 0.3168 - accuracy: 0.9019 - val_loss: 0.5355 - val_accuracy: 0.8365
Epoch 8/100
699/699 - 15s - loss: 0.2984 - accuracy: 0.9078 - val_loss: 0.7328 - val_accuracy: 0.7612
Epoch 9/100
699/699 - 15s - loss: 0.2579 - accuracy: 0.9212 - val_loss: 0.4879 - val_accuracy: 0.8378
Epoch 10/100
699/699 - 15s - loss: 0.2094 - accuracy: 0.9359 - val_loss: 0.4724 - val_accuracy: 0.8557
Epoch 11/100
699/699 - 15s - loss: 0.1824 - accuracy: 0.9467 - val_loss: 0.4171 - val_accuracy: 0.8659
Epoch 12/100
699/699 - 15s - loss: 0.1432 - accuracy: 0.9626 - val_loss: 0.4594 - val_accuracy: 0.8608
Epoch 13/100
699/699 - 15s - loss: 0.1392 - accuracy: 0.9628 - val_loss: 0.5074 - val_accuracy: 0.8531
Epoch 14/100
699/699 - 15s - loss: 0.1253 - accuracy: 0.9646 - val_loss: 0.4639 - val_accuracy: 0.8723
Epoch 15/100
699/699 - 15s - loss: 0.0992 - accuracy: 0.9758 - val_loss: 0.3776 - val_accuracy: 0.8889
Epoch 16/100
699/699 - 15s - loss: 0.0972 - accuracy: 0.9739 - val_loss: 0.5502 - val_accuracy: 0.8467
Epoch 17/100
699/699 - 15s - loss: 0.0914 - accuracy: 0.9742 - val_loss: 0.4201 - val_accuracy: 0.8825
Epoch 18/100
699/699 - 15s - loss: 0.0811 - accuracy: 0.9787 - val_loss: 0.4228 - val_accuracy: 0.8736
Epoch 19/100
699/699 - 15s - loss: 0.0761 - accuracy: 0.9800 - val_loss: 0.4342 - val_accuracy: 0.8659
Epoch 20/100
699/699 - 15s - loss: 0.0733 - accuracy: 0.9812 - val_loss: 0.4605 - val_accuracy: 0.8697
Epoch 21/100
699/699 - 15s - loss: 0.0561 - accuracy: 0.9860 - val_loss: 0.3962 - val_accuracy: 0.8953
Epoch 22/100
699/699 - 15s - loss: 0.0619 - accuracy: 0.9837 - val_loss: 0.4068 - val_accuracy: 0.8940
Epoch 23/100
699/699 - 15s - loss: 0.0493 - accuracy: 0.9859 - val_loss: 0.6018 - val_accuracy: 0.8544
Epoch 24/100
699/699 - 16s - loss: 0.0496 - accuracy: 0.9853 - val_loss: 0.5820 - val_accuracy: 0.8519
Epoch 25/100
699/699 - 16s - loss: 0.0473 - accuracy: 0.9871 - val_loss: 0.6429 - val_accuracy: 0.8352
Epoch 26/100
699/699 - 15s - loss: 0.0518 - accuracy: 0.9839 - val_loss: 0.3636 - val_accuracy: 0.9004
Epoch 27/100
699/699 - 15s - loss: 0.0391 - accuracy: 0.9903 - val_loss: 0.3798 - val_accuracy: 0.9055
Epoch 28/100
699/699 - 15s - loss: 0.0421 - accuracy: 0.9903 - val_loss: 0.6260 - val_accuracy: 0.8340
Epoch 29/100
699/699 - 16s - loss: 0.0427 - accuracy: 0.9871 - val_loss: 0.6490 - val_accuracy: 0.8404
Epoch 30/100
699/699 - 16s - loss: 0.0430 - accuracy: 0.9875 - val_loss: 0.5589 - val_accuracy: 0.8621
Epoch 31/100
699/699 - 16s - loss: 0.0311 - accuracy: 0.9919 - val_loss: 0.4376 - val_accuracy: 0.8876
Epoch 32/100
699/699 - 15s - loss: 0.0368 - accuracy: 0.9903 - val_loss: 0.3868 - val_accuracy: 0.8966
Epoch 33/100
699/699 - 16s - loss: 0.0359 - accuracy: 0.9916 - val_loss: 0.4375 - val_accuracy: 0.8838
Epoch 34/100
699/699 - 16s - loss: 0.0256 - accuracy: 0.9939 - val_loss: 0.6807 - val_accuracy: 0.8506
Epoch 35/100
699/699 - 17s - loss: 0.0257 - accuracy: 0.9945 - val_loss: 0.6000 - val_accuracy: 0.8685
Epoch 36/100
699/699 - 20s - loss: 0.0332 - accuracy: 0.9921 - val_loss: 0.4602 - val_accuracy: 0.8787
Epoch 37/100
699/699 - 19s - loss: 0.0367 - accuracy: 0.9896 - val_loss: 0.5592 - val_accuracy: 0.8519
Epoch 38/100
699/699 - 19s - loss: 0.0274 - accuracy: 0.9927 - val_loss: 0.7433 - val_accuracy: 0.8289
Epoch 39/100
699/699 - 20s - loss: 0.0259 - accuracy: 0.9928 - val_loss: 0.7782 - val_accuracy: 0.8225
Epoch 40/100
699/699 - 19s - loss: 0.0442 - accuracy: 0.9857 - val_loss: 0.6895 - val_accuracy: 0.8531
Epoch 41/100
699/699 - 19s - loss: 0.0242 - accuracy: 0.9939 - val_loss: 0.5189 - val_accuracy: 0.8685
Epoch 42/100
699/699 - 20s - loss: 0.0250 - accuracy: 0.9936 - val_loss: 0.5446 - val_accuracy: 0.8685
Epoch 43/100
699/699 - 19s - loss: 0.0201 - accuracy: 0.9959 - val_loss: 0.4962 - val_accuracy: 0.8902
Epoch 44/100
699/699 - 19s - loss: 0.0253 - accuracy: 0.9928 - val_loss: 0.5390 - val_accuracy: 0.8672
Epoch 45/100
699/699 - 19s - loss: 0.0269 - accuracy: 0.9934 - val_loss: 0.4853 - val_accuracy: 0.8927
Epoch 46/100
699/699 - 20s - loss: 0.0214 - accuracy: 0.9945 - val_loss: 0.4858 - val_accuracy: 0.8723
Epoch 47/100
699/699 - 19s - loss: 0.0256 - accuracy: 0.9925 - val_loss: 0.7460 - val_accuracy: 0.8506
Epoch 48/100
699/699 - 19s - loss: 0.0213 - accuracy: 0.9937 - val_loss: 0.4105 - val_accuracy: 0.8966
Epoch 49/100
699/699 - 19s - loss: 0.0185 - accuracy: 0.9952 - val_loss: 0.4235 - val_accuracy: 0.9093
Epoch 50/100
699/699 - 19s - loss: 0.0251 - accuracy: 0.9939 - val_loss: 0.4133 - val_accuracy: 0.8876
Epoch 51/100
699/699 - 19s - loss: 0.0269 - accuracy: 0.9923 - val_loss: 0.5503 - val_accuracy: 0.8659
Epoch 52/100
699/699 - 20s - loss: 0.0143 - accuracy: 0.9966 - val_loss: 0.4565 - val_accuracy: 0.8927
Epoch 53/100
699/699 - 19s - loss: 0.0237 - accuracy: 0.9919 - val_loss: 0.5701 - val_accuracy: 0.8723
Epoch 54/100
699/699 - 16s - loss: 0.0217 - accuracy: 0.9925 - val_loss: 0.4568 - val_accuracy: 0.8914
Epoch 55/100
699/699 - 17s - loss: 0.0223 - accuracy: 0.9943 - val_loss: 0.9423 - val_accuracy: 0.8059
Epoch 56/100
699/699 - 17s - loss: 0.0156 - accuracy: 0.9964 - val_loss: 0.3742 - val_accuracy: 0.9093
Epoch 57/100
699/699 - 18s - loss: 0.0176 - accuracy: 0.9953 - val_loss: 0.6349 - val_accuracy: 0.8519
Epoch 58/100
699/699 - 21s - loss: 0.0161 - accuracy: 0.9952 - val_loss: 0.4645 - val_accuracy: 0.8863
Epoch 59/100
699/699 - 21s - loss: 0.0125 - accuracy: 0.9979 - val_loss: 0.3878 - val_accuracy: 0.9119
Epoch 60/100
699/699 - 20s - loss: 0.0287 - accuracy: 0.9905 - val_loss: 0.5186 - val_accuracy: 0.8838
Epoch 61/100
699/699 - 20s - loss: 0.0174 - accuracy: 0.9948 - val_loss: 0.4462 - val_accuracy: 0.8953
Epoch 62/100
699/699 - 19s - loss: 0.0125 - accuracy: 0.9970 - val_loss: 0.5157 - val_accuracy: 0.8825
Epoch 63/100
699/699 - 16s - loss: 0.0150 - accuracy: 0.9961 - val_loss: 0.5244 - val_accuracy: 0.8787
Epoch 64/100
699/699 - 20s - loss: 0.0217 - accuracy: 0.9930 - val_loss: 0.3946 - val_accuracy: 0.9055
Epoch 65/100
699/699 - 18s - loss: 0.0185 - accuracy: 0.9945 - val_loss: 0.4002 - val_accuracy: 0.9093
Epoch 66/100
699/699 - 19s - loss: 0.0175 - accuracy: 0.9943 - val_loss: 0.4915 - val_accuracy: 0.8978
Epoch 67/100
699/699 - 21s - loss: 0.0244 - accuracy: 0.9928 - val_loss: 0.4033 - val_accuracy: 0.8966
Epoch 68/100
699/699 - 22s - loss: 0.0130 - accuracy: 0.9970 - val_loss: 0.4997 - val_accuracy: 0.8966
Epoch 69/100
699/699 - 22s - loss: 0.0059 - accuracy: 0.9986 - val_loss: 0.4820 - val_accuracy: 0.8927
Epoch 70/100
699/699 - 21s - loss: 0.0224 - accuracy: 0.9925 - val_loss: 0.5284 - val_accuracy: 0.8940
Epoch 71/100
699/699 - 21s - loss: 0.0127 - accuracy: 0.9977 - val_loss: 0.4087 - val_accuracy: 0.9080
Epoch 72/100
699/699 - 21s - loss: 0.0221 - accuracy: 0.9939 - val_loss: 0.4674 - val_accuracy: 0.8863
Epoch 73/100
699/699 - 21s - loss: 0.0163 - accuracy: 0.9952 - val_loss: 0.4472 - val_accuracy: 0.8863
Epoch 74/100
699/699 - 21s - loss: 0.0123 - accuracy: 0.9966 - val_loss: 0.4503 - val_accuracy: 0.9017
Epoch 75/100
699/699 - 21s - loss: 0.0071 - accuracy: 0.9986 - val_loss: 0.3600 - val_accuracy: 0.9132
Epoch 76/100
699/699 - 21s - loss: 0.0104 - accuracy: 0.9971 - val_loss: 0.4923 - val_accuracy: 0.8953
Epoch 77/100
699/699 - 21s - loss: 0.0130 - accuracy: 0.9968 - val_loss: 0.4299 - val_accuracy: 0.9055
Epoch 78/100
699/699 - 22s - loss: 0.0127 - accuracy: 0.9961 - val_loss: 0.3798 - val_accuracy: 0.9183
Epoch 79/100
699/699 - 21s - loss: 0.0193 - accuracy: 0.9941 - val_loss: 0.4111 - val_accuracy: 0.9042
Epoch 80/100
699/699 - 20s - loss: 0.0149 - accuracy: 0.9959 - val_loss: 0.4678 - val_accuracy: 0.8863
Epoch 81/100
699/699 - 20s - loss: 0.0057 - accuracy: 0.9987 - val_loss: 0.4384 - val_accuracy: 0.9017
Epoch 82/100
699/699 - 21s - loss: 0.0208 - accuracy: 0.9946 - val_loss: 0.8333 - val_accuracy: 0.8480
Epoch 83/100
699/699 - 21s - loss: 0.0166 - accuracy: 0.9952 - val_loss: 0.4250 - val_accuracy: 0.9119
Epoch 84/100
699/699 - 20s - loss: 0.0105 - accuracy: 0.9970 - val_loss: 0.4423 - val_accuracy: 0.8940
Epoch 85/100
699/699 - 21s - loss: 0.0252 - accuracy: 0.9921 - val_loss: 0.5165 - val_accuracy: 0.8876
Epoch 86/100
699/699 - 20s - loss: 0.0091 - accuracy: 0.9975 - val_loss: 0.6366 - val_accuracy: 0.8570
Epoch 87/100
699/699 - 20s - loss: 0.0079 - accuracy: 0.9982 - val_loss: 0.4840 - val_accuracy: 0.8953
Epoch 88/100
699/699 - 21s - loss: 0.0060 - accuracy: 0.9984 - val_loss: 0.4240 - val_accuracy: 0.9093
Epoch 89/100
699/699 - 21s - loss: 0.0213 - accuracy: 0.9930 - val_loss: 0.4331 - val_accuracy: 0.9080
Epoch 90/100
699/699 - 21s - loss: 0.0053 - accuracy: 0.9989 - val_loss: 0.3733 - val_accuracy: 0.9055
Epoch 91/100
699/699 - 21s - loss: 0.0092 - accuracy: 0.9973 - val_loss: 0.4456 - val_accuracy: 0.9093
Epoch 92/100
699/699 - 21s - loss: 0.0116 - accuracy: 0.9971 - val_loss: 0.3620 - val_accuracy: 0.9157
Epoch 93/100
699/699 - 21s - loss: 0.0119 - accuracy: 0.9973 - val_loss: 0.7769 - val_accuracy: 0.8289
Epoch 94/100
699/699 - 21s - loss: 0.0187 - accuracy: 0.9946 - val_loss: 0.3778 - val_accuracy: 0.9068
Epoch 95/100
699/699 - 21s - loss: 0.0090 - accuracy: 0.9970 - val_loss: 0.3505 - val_accuracy: 0.9221
Epoch 96/100
699/699 - 21s - loss: 0.0029 - accuracy: 0.9996 - val_loss: 0.3675 - val_accuracy: 0.9157
Epoch 97/100
699/699 - 20s - loss: 0.0030 - accuracy: 0.9996 - val_loss: 0.4066 - val_accuracy: 0.9093
Epoch 98/100
699/699 - 19s - loss: 0.0298 - accuracy: 0.9911 - val_loss: 0.3874 - val_accuracy: 0.9068
Epoch 99/100
699/699 - 21s - loss: 0.0041 - accuracy: 0.9995 - val_loss: 0.3922 - val_accuracy: 0.9144
Epoch 100/100
699/699 - 21s - loss: 0.0055 - accuracy: 0.9987 - val_loss: 0.3607 - val_accuracy: 0.9208
final loss 0.35048091411590576, final acc 0.9220945239067078
test loss 1.1270595788955688, test acc 0.8461538553237915
